#
# There is insufficient memory for the Java Runtime Environment to continue.
# Native memory allocation (malloc) failed to allocate 1048576 bytes for AllocateHeap
# Possible reasons:
#   The system is out of physical RAM or swap space
#   The process is running with CompressedOops enabled, and the Java Heap may be blocking the growth of the native heap
# Possible solutions:
#   Reduce memory load on the system
#   Increase physical memory or swap space
#   Check if swap backing store is full
#   Decrease Java heap size (-Xmx/-Xms)
#   Decrease number of Java threads
#   Decrease Java thread stack sizes (-Xss)
#   Set larger code cache with -XX:ReservedCodeCacheSize=
#   JVM is running with Unscaled Compressed Oops mode in which the Java heap is
#     placed in the first 4GB address space. The Java Heap base address is the
#     maximum limit for the native heap growth. Please use -XX:HeapBaseMinAddress
#     to set the Java Heap base and to place the Java Heap above 4GB virtual address.
# This output file may be truncated or incomplete.
#
#  Out of Memory Error (memory/allocation.inline.hpp:61), pid=8048, tid=0x0000000000002f88
#
# JRE version:  (8.0_231-b11) (build )
# Java VM: Java HotSpot(TM) 64-Bit Server VM (25.231-b11 mixed mode windows-amd64 compressed oops)
# Failed to write core dump. Minidumps are not enabled by default on client versions of Windows
#

---------------  T H R E A D  ---------------

Current thread (0x0000000002e0d800):  JavaThread "Unknown thread" [_thread_in_vm, id=12168, stack(0x0000000002c90000,0x0000000002d90000)]

Stack: [0x0000000002c90000,0x0000000002d90000]
[error occurred during error reporting (printing stack bounds), id 0xc0000005]

Native frames: (J=compiled Java code, j=interpreted, Vv=VM code, C=native code)


---------------  P R O C E S S  ---------------

Java Threads: ( => current thread )

Other Threads:

=>0x0000000002e0d800 (exited) JavaThread "Unknown thread" [_thread_in_vm, id=12168, stack(0x0000000002c90000,0x0000000002d90000)]

VM state:not at safepoint (normal execution)

VM Mutex/Monitor currently owned by a thread: None

heap address: 0x00000000c1400000, size: 1004 MB, Compressed Oops mode: 32-bit
Narrow klass base: 0x0000000000000000, Narrow klass shift: 3
Compressed class space size: 1073741824 Address: 0x0000000100000000

Heap:
 PSYoungGen      total 18944K, used 327K [0x00000000eb180000, 0x00000000ec680000, 0x0000000100000000)
  eden space 16384K, 2% used [0x00000000eb180000,0x00000000eb1d1ec8,0x00000000ec180000)
  from space 2560K, 0% used [0x00000000ec400000,0x00000000ec400000,0x00000000ec680000)
  to   space 2560K, 0% used [0x00000000ec180000,0x00000000ec180000,0x00000000ec400000)
 ParOldGen       total 44032K, used 0K [0x00000000c1400000, 0x00000000c3f00000, 0x00000000eb180000)
  object space 44032K, 0% used [0x00000000c1400000,0x00000000c1400000,0x00000000c3f00000)
 Metaspace       used 752K, capacity 4480K, committed 4480K, reserved 1056768K
  class space    used 76K, capacity 384K, committed 384K, reserved 1048576K

Card table byte_map: [0x00000000123d0000,0x00000000125d0000] byte_map_base: 0x0000000011dc6000

Marking Bits: (ParMarkBitMap*) 0x0000000060076d90
 Begin Bits: [0x0000000012b20000, 0x0000000013ad0000)
 End Bits:   [0x0000000013ad0000, 0x0000000014a80000)

Polling page: 0x00000000010e0000

CodeCache: size=245760Kb used=328Kb max_used=328Kb free=245431Kb
 bounds [0x0000000003010000, 0x0000000003280000, 0x0000000012010000]
 total_blobs=58 nmethods=0 adapters=38
 compilation: enabled

Compilation events (0 events):
No events

GC Heap History (0 events):
No events

Deoptimization events (0 events):
No events

Classes redefined (0 events):
No events

Internal exceptions (0 events):
No events

Events (10 events):
Event: 0.039 loading class java/lang/Short
Event: 0.040 loading class java/lang/Short done
Event: 0.040 loading class java/lang/Integer
Event: 0.040 loading class java/lang/Integer done
Event: 0.040 loading class java/lang/Long
Event: 0.040 loading class java/lang/Long done
Event: 0.041 loading class java/lang/NullPointerException
Event: 0.041 loading class java/lang/NullPointerException done
Event: 0.041 loading class java/lang/ArithmeticException
Event: 0.041 loading class java/lang/ArithmeticException done


Dynamic libraries:
0x00007ff732180000 - 0x00007ff7321b7000 	C:\Program Files\Java\jre1.8.0_231\bin\javaw.exe
0x00007fffb7e20000 - 0x00007fffb8010000 	C:\WINDOWS\SYSTEM32\ntdll.dll
0x00007fffb6b80000 - 0x00007fffb6c32000 	C:\WINDOWS\System32\KERNEL32.DLL
0x00007fffb4db0000 - 0x00007fffb5053000 	C:\WINDOWS\System32\KERNELBASE.dll
0x00007fffb6cf0000 - 0x00007fffb6d93000 	C:\WINDOWS\System32\ADVAPI32.dll
0x00007fffb6c50000 - 0x00007fffb6cee000 	C:\WINDOWS\System32\msvcrt.dll
0x00007fffb7ad0000 - 0x00007fffb7b67000 	C:\WINDOWS\System32\sechost.dll
0x00007fffb7080000 - 0x00007fffb71a0000 	C:\WINDOWS\System32\RPCRT4.dll
0x00007fffb6e70000 - 0x00007fffb7004000 	C:\WINDOWS\System32\USER32.dll
0x00007fffb5ea0000 - 0x00007fffb5ec1000 	C:\WINDOWS\System32\win32u.dll
0x00007fffb7960000 - 0x00007fffb7986000 	C:\WINDOWS\System32\GDI32.dll
0x00007fffb51c0000 - 0x00007fffb5354000 	C:\WINDOWS\System32\gdi32full.dll
0x00007fffb5e00000 - 0x00007fffb5e9e000 	C:\WINDOWS\System32\msvcp_win.dll
0x00007fffb5060000 - 0x00007fffb515a000 	C:\WINDOWS\System32\ucrtbase.dll
0x00007fffa1740000 - 0x00007fffa19c5000 	C:\WINDOWS\WinSxS\amd64_microsoft.windows.common-controls_6595b64144ccf1df_6.0.18362.592_none_e6c0b1911312be02\COMCTL32.dll
0x00007fffb6710000 - 0x00007fffb6a46000 	C:\WINDOWS\System32\combase.dll
0x00007fffb5d80000 - 0x00007fffb5e00000 	C:\WINDOWS\System32\bcryptPrimitives.dll
0x00007fffb5f30000 - 0x00007fffb5f5e000 	C:\WINDOWS\System32\IMM32.DLL
0x0000000060470000 - 0x0000000060542000 	C:\Program Files\Java\jre1.8.0_231\bin\msvcr100.dll
0x000000005f850000 - 0x00000000600f6000 	C:\Program Files\Java\jre1.8.0_231\bin\server\jvm.dll
0x00007fffb6c40000 - 0x00007fffb6c48000 	C:\WINDOWS\System32\PSAPI.DLL
0x00007fffaa0d0000 - 0x00007fffaa0d9000 	C:\WINDOWS\SYSTEM32\WSOCK32.dll
0x00007fffb7200000 - 0x00007fffb726f000 	C:\WINDOWS\System32\WS2_32.dll
0x00007fffa60b0000 - 0x00007fffa60ba000 	C:\WINDOWS\SYSTEM32\VERSION.dll
0x00007fffb29e0000 - 0x00007fffb2a04000 	C:\WINDOWS\SYSTEM32\WINMM.dll
0x00007fffb29b0000 - 0x00007fffb29dd000 	C:\WINDOWS\SYSTEM32\winmmbase.dll
0x00007fffb5410000 - 0x00007fffb545a000 	C:\WINDOWS\System32\cfgmgr32.dll
0x00007fffaee20000 - 0x00007fffaee2f000 	C:\Program Files\Java\jre1.8.0_231\bin\verify.dll
0x00007fff9bd50000 - 0x00007fff9bd79000 	C:\Program Files\Java\jre1.8.0_231\bin\java.dll
0x00007fffaa510000 - 0x00007fffaa526000 	C:\Program Files\Java\jre1.8.0_231\bin\zip.dll

VM Arguments:
jvm_args: -Dfile.encoding=UTF-8 
java_command: com.capgemini.librarymanagement.App
java_class_path (initial): C:\Users\RS\Desktop\Project\librarymanagement-master\target\classes;C:\Users\RS\.m2\repository\org\projectlombok\lombok\1.18.8\lombok-1.18.8.jar
Launcher Type: SUN_STANDARD

Environment Variables:
PATH=C:/Program Files/Java/jre1.8.0_231/bin/server;C:/Program Files/Java/jre1.8.0_231/bin;C:/Program Files/Java/jre1.8.0_231/lib/amd64;C:\Program Files (x86)\Common Files\Oracle\Java\javapath;E:\oracle\product\10.2.0\db_1\bin;C:\WINDOWS\system32;C:\WINDOWS;C:\WINDOWS\System32\Wbem;C:\WINDOWS\System32\WindowsPowerShell\v1.0\;C:\WINDOWS\System32\OpenSSH\;C:\Program Files\Java\jdk-12.0.2\bin;C:\Program Files\Java\jdk1.8.0_231\bin;C:\Program Files\nodejs\;C:\Program Files\PuTTY\;C:\Program Files\TortoiseGit\bin;C:\Users\RS\AppData\Local\Microsoft\WindowsApps;;C:\Users\RS\AppData\Local\Programs\Microsoft VS Code\bin;C:\Users\RS\AppData\Roaming\npm;D:\Programs\eclipse;
USERNAME=RS
OS=Windows_NT
PROCESSOR_IDENTIFIER=Intel64 Family 6 Model 61 Stepping 4, GenuineIntel



---------------  S Y S T E M  ---------------

OS: Windows 10.0 , 64 bit Build 18362 (10.0.18362.329)

CPU:total 4 (initial active 4) (2 cores per cpu, 2 threads per core) family 6 model 61 stepping 4, cmov, cx8, fxsr, mmx, sse, sse2, sse3, ssse3, sse4.1, sse4.2, popcnt, avx, avx2, aes, clmul, erms, 3dnowpref, lzcnt, ht, tsc, tscinvbit, bmi1, bmi2, adx

Memory: 4k page, physical 4106712k(489864k free), swap 6203784k(5016k free)

vm_info: Java HotSpot(TM) 64-Bit Server VM (25.231-b11) for windows-amd64 JRE (1.8.0_231-b11), built on Oct  5 2019 03:11:30 by "java_re" with MS VC++ 10.0 (VS2010)

time: Mon Mar 09 02:50:45 2020
timezone: India Standard Time
elapsed time: 0 seconds (0d 0h 0m 0s)

